#
# A fatal error has been detected by the Java Runtime Environment:
#
#  EXCEPTION_ACCESS_VIOLATION (0xc0000005) at pc=0x629b757e, pid=13352, tid=0x00004aa4
#
# JRE version: Java(TM) SE Runtime Environment (8.0_191-b12) (build 1.8.0_191-b12)
# Java VM: Java HotSpot(TM) Client VM (25.191-b12 mixed mode windows-x86 )
# Problematic frame:
# V  [jvm.dll+0xe757e]
#
# Failed to write core dump. Minidumps are not enabled by default on client versions of Windows
#
# If you would like to submit a bug report, please visit:
#   http://bugreport.java.com/bugreport/crash.jsp
#

---------------  T H R E A D  ---------------

Current thread (0x2a536c00):  JavaThread "EventThread COM29" [_thread_in_vm, id=19108, stack(0x02da0000,0x02df0000)]

siginfo: ExceptionCode=0xc0000005, reading address 0x00000000

Registers:
EAX=0x00000000, EBX=0x28665a80, ECX=0x2a536c00, EDX=0x0000009f
ESP=0x02deea2c, EBP=0x02deea48, ESI=0x00000000, EDI=0x2a536c00
EIP=0x629b757e, EFLAGS=0x00010246

Top of Stack: (sp=0x02deea2c)
0x02deea2c:   02deea64 2a536d40 28665a80 2a536c00
0x02deea3c:   289d7f5c 0000009f 62bb5568 02def728
0x02deea4c:   6400183d 2a536d40 00000000 00000000
0x02deea5c:   00000c80 02deea64 73692070 676e6520
0x02deea6c:   64656761 2d450a0d 706f7453 61745320
0x02deea7c:   3a737574 202e3020 72656d45 636e6567
0x02deea8c:   74732079 6920706f 6e652073 65676167
0x02deea9c:   450a0d64 6f74532d 74532070 73757461 

Instructions: (pc=0x629b757e)
0x629b755e:   c4 08 83 7f 04 00 89 7d f0 c7 45 f4 00 00 00 00
0x629b756e:   74 08 8d 4d f0 e8 e8 34 0c 00 8b 75 10 8b 45 0c
0x629b757e:   8b 10 85 f6 78 32 8b 45 14 85 c0 78 2b 8d 0c 06
0x629b758e:   3b 4a 08 77 23 85 c0 7e 3b 8b 4a 04 8b 49 04 83 


Register to memory mapping:

EAX=0x00000000 is an unknown value
EBX=0x28665a80 is an unknown value
ECX=0x2a536c00 is a thread
EDX=0x0000009f is an unknown value
ESP=0x02deea2c is pointing into the stack for thread: 0x2a536c00
EBP=0x02deea48 is pointing into the stack for thread: 0x2a536c00
ESI=0x00000000 is an unknown value
EDI=0x2a536c00 is a thread


Stack: [0x02da0000,0x02df0000],  sp=0x02deea2c,  free space=314k
Native frames: (J=compiled Java code, j=interpreted, Vv=VM code, C=native code)
V  [jvm.dll+0xe757e]
C  0x6400183d
J 8619  jssc.SerialNativeInterface.readBytes(JI)[B (0 bytes) @ 0x03397aa5 [0x03397a10+0x95]
J 13669 C1 jssc.SerialPort$EventThread.run()V (84 bytes) @ 0x032bd1f0 [0x032bcf80+0x270]
v  ~StubRoutines::call_stub
V  [jvm.dll+0x15c315]
V  [jvm.dll+0x223ece]
V  [jvm.dll+0x15c3ae]
V  [jvm.dll+0x15c536]
V  [jvm.dll+0x15c5a7]
V  [jvm.dll+0x1002ef]
V  [jvm.dll+0x17f550]
V  [jvm.dll+0x17fdca]
V  [jvm.dll+0x1c57a6]
C  [msvcr100.dll+0x5c556]
C  [msvcr100.dll+0x5c600]
C  [KERNEL32.DLL+0x20099]
C  [ntdll.dll+0x67b6e]
C  [ntdll.dll+0x67b3e]
C  0x00000000

Java frames: (J=compiled Java code, j=interpreted, Vv=VM code)
J 8619  jssc.SerialNativeInterface.readBytes(JI)[B (0 bytes) @ 0x03397a61 [0x03397a10+0x51]
J 13669 C1 jssc.SerialPort$EventThread.run()V (84 bytes) @ 0x032bd1f0 [0x032bcf80+0x270]
v  ~StubRoutines::call_stub

---------------  P R O C E S S  ---------------

Java Threads: ( => current thread )
=>0x2a536c00 JavaThread "EventThread COM29" [_thread_in_vm, id=19108, stack(0x02da0000,0x02df0000)]
  0x2a536800 JavaThread "DestroyJavaVM" [_thread_blocked, id=21512, stack(0x02e90000,0x02ee0000)]
  0x28b88c00 JavaThread "TimerQueue" daemon [_thread_blocked, id=1212, stack(0x2b530000,0x2b580000)]
  0x28b87800 JavaThread "AWT-EventQueue-0" [_thread_blocked, id=10744, stack(0x29ff0000,0x2a040000)]
  0x28b88000 JavaThread "AWT-Shutdown" [_thread_blocked, id=22468, stack(0x29fa0000,0x29ff0000)]
  0x28b89400 JavaThread "Batik CleanerThread" daemon [_thread_blocked, id=1160, stack(0x294b0000,0x29500000)]
  0x28bb8c00 JavaThread "JmDNS(DESKTOP-N27OPO5-makerlabs-lan.local.).State.Timer" [_thread_blocked, id=21996, stack(0x29760000,0x297b0000)]
  0x28bb8400 JavaThread "JmDNS(DESKTOP-N27OPO5-makerlabs-lan.local.).Timer" daemon [_thread_blocked, id=7920, stack(0x296d0000,0x29720000)]
  0x26dba000 JavaThread "SocketListener(DESKTOP-N27OPO5-makerlabs-lan.local.)" daemon [_thread_blocked, id=9236, stack(0x27230000,0x27280000)]
  0x28abd400 JavaThread "Multihomed mDNS.Timer" daemon [_thread_blocked, id=16140, stack(0x29420000,0x29470000)]
  0x28abe400 JavaThread "cc.arduino.packages.discoverers.serial.SerialDiscovery" [_thread_blocked, id=4360, stack(0x29540000,0x29590000)]
  0x26dbb800 JavaThread "AWT-Windows" daemon [_thread_blocked, id=21148, stack(0x272c0000,0x27310000)]
  0x26db9400 JavaThread "Java2D Disposer" daemon [_thread_blocked, id=3736, stack(0x271a0000,0x271f0000)]
  0x26437c00 JavaThread "Service Thread" daemon [_thread_blocked, id=22184, stack(0x26a40000,0x26a90000)]
  0x26410800 JavaThread "C1 CompilerThread0" daemon [_thread_blocked, id=2960, stack(0x269b0000,0x26a00000)]
  0x2640e800 JavaThread "Attach Listener" daemon [_thread_blocked, id=20320, stack(0x26920000,0x26970000)]
  0x2640cc00 JavaThread "Signal Dispatcher" daemon [_thread_blocked, id=21728, stack(0x26890000,0x268e0000)]
  0x263fb800 JavaThread "Finalizer" daemon [_thread_blocked, id=2464, stack(0x26700000,0x26750000)]
  0x263f5c00 JavaThread "Reference Handler" daemon [_thread_blocked, id=20828, stack(0x26670000,0x266c0000)]

Other Threads:
  0x263e0400 VMThread [stack: 0x265e0000,0x26630000] [id=4208]
  0x2641b000 WatcherThread [stack: 0x26ad0000,0x26b20000] [id=13432]

VM state:synchronizing (normal execution)

VM Mutex/Monitor currently owned by a thread:  ([mutex/lock_event])
[0x02c5dd70] Threads_lock - owner thread: 0x263e0400
[0x02c5d7c0] Heap_lock - owner thread: 0x28bb8400

Heap:
 def new generation   total 157248K, used 157248K [0x05200000, 0x0fca0000, 0x0fca0000)
  eden space 139776K, 100% used [0x05200000, 0x0da80000, 0x0da80000)
  from space 17472K, 100% used [0x0eb90000, 0x0fca0000, 0x0fca0000)
  to   space 17472K,   0% used [0x0da80000, 0x0da80000, 0x0eb90000)
 tenured generation   total 349568K, used 349567K [0x0fca0000, 0x25200000, 0x25200000)
   the space 349568K,  99% used [0x0fca0000, 0x251ffff8, 0x25200000, 0x25200000)
 Metaspace       used 23237K, capacity 23860K, committed 23936K, reserved 23936K

Card table byte_map: [0x25200000,0x25310000] byte_map_base: 0x251d7000

Polling page: 0x02c30000

CodeCache: size=32768Kb used=3484Kb max_used=5210Kb free=29283Kb
 bounds [0x031b0000, 0x036c8000, 0x051b0000]
 total_blobs=2103 nmethods=1803 adapters=227
 compilation: enabled

Compilation events (10 events):
Event: 4383.290 Thread 0x26410800 nmethod 19526 0x0355a108 code [0x0355a260, 0x0355a578]
Event: 4384.900 Thread 0x26410800 19527             javax.jmdns.impl.DNSRecord$Text::sameValue (77 bytes)
Event: 4384.900 Thread 0x26410800 nmethod 19527 0x0338d088 code [0x0338d190, 0x0338d330]
Event: 4386.309 Thread 0x26410800 19528             sun.awt.windows.WGlobalCursorManager::nativeUpdateCursor (8 bytes)
Event: 4386.310 Thread 0x26410800 nmethod 19528 0x0339cdc8 code [0x0339cf20, 0x0339d2cc]
Event: 4392.524 Thread 0x26410800 19529             javax.jmdns.impl.DNSIncoming$MessageInputStream::readUnsignedByte (9 bytes)
Event: 4392.524 Thread 0x26410800 nmethod 19529 0x032b92c8 code [0x032b93c0, 0x032b945c]
Event: 4396.146 Thread 0x26410800 19530             java.net.InetAddress::holder (5 bytes)
Event: 4396.447 Thread 0x26410800 nmethod 19530 0x0327fcc8 code [0x0327fdc0, 0x0327fe40]
Event: 4396.718 Thread 0x26410800 19531             sun.util.locale.provider.RuleBasedBreakIterator::readTables (413 bytes)

GC Heap History (10 events):
Event: 4396.718 GC heap before
{Heap before GC invocations=291 (full 69):
 def new generation   total 157248K, used 157240K [0x05200000, 0x0fca0000, 0x0fca0000)
  eden space 139776K, 100% used [0x05200000, 0x0da80000, 0x0da80000)
  from space 17472K,  99% used [0x0eb90000, 0x0fc9e0d8, 0x0fca0000)
  to   space 17472K,   0% used [0x0da80000, 0x0da80000, 0x0eb90000)
 tenured generation   total 349568K, used 349567K [0x0fca0000, 0x25200000, 0x25200000)
   the space 349568K,  99% used [0x0fca0000, 0x251fffb0, 0x25200000, 0x25200000)
 Metaspace       used 23237K, capacity 23860K, committed 23936K, reserved 23936K
Event: 4396.999 GC heap after
Heap after GC invocations=292 (full 70):
 def new generation   total 157248K, used 157219K [0x05200000, 0x0fca0000, 0x0fca0000)
  eden space 139776K, 100% used [0x05200000, 0x0da80000, 0x0da80000)
  from space 17472K,  99% used [0x0eb90000, 0x0fc98ea8, 0x0fca0000)
  to   space 17472K,   0% used [0x0da80000, 0x0da80000, 0x0eb90000)
 tenured generation   total 349568K, used 349567K [0x0fca0000, 0x25200000, 0x25200000)
   the space 349568K,  99% used [0x0fca0000, 0x251fffb0, 0x25200000, 0x25200000)
 Metaspace       used 23237K, capacity 23860K, committed 23936K, reserved 23936K
}
Event: 4397.000 GC heap before
{Heap before GC invocations=292 (full 70):
 def new generation   total 157248K, used 157246K [0x05200000, 0x0fca0000, 0x0fca0000)
  eden space 139776K, 100% used [0x05200000, 0x0da80000, 0x0da80000)
  from space 17472K,  99% used [0x0eb90000, 0x0fc9fbb0, 0x0fca0000)
  to   space 17472K,   0% used [0x0da80000, 0x0da80000, 0x0eb90000)
 tenured generation   total 349568K, used 349567K [0x0fca0000, 0x25200000, 0x25200000)
   the space 349568K,  99% used [0x0fca0000, 0x251fffb0, 0x25200000, 0x25200000)
 Metaspace       used 23237K, capacity 23860K, committed 23936K, reserved 23936K
Event: 4397.271 GC heap after
Heap after GC invocations=293 (full 71):
 def new generation   total 157248K, used 157232K [0x05200000, 0x0fca0000, 0x0fca0000)
  eden space 139776K, 100% used [0x05200000, 0x0da80000, 0x0da80000)
  from space 17472K,  99% used [0x0eb90000, 0x0fc9c248, 0x0fca0000)
  to   space 17472K,   0% used [0x0da80000, 0x0da80000, 0x0eb90000)
 tenured generation   total 349568K, used 349567K [0x0fca0000, 0x25200000, 0x25200000)
   the space 349568K,  99% used [0x0fca0000, 0x251fffb0, 0x25200000, 0x25200000)
 Metaspace       used 23237K, capacity 23860K, committed 23936K, reserved 23936K
}
Event: 4397.271 GC heap before
{Heap before GC invocations=293 (full 71):
 def new generation   total 157248K, used 157248K [0x05200000, 0x0fca0000, 0x0fca0000)
  eden space 139776K, 100% used [0x05200000, 0x0da80000, 0x0da80000)
  from space 17472K, 100% used [0x0eb90000, 0x0fca0000, 0x0fca0000)
  to   space 17472K,   0% used [0x0da80000, 0x0da80000, 0x0eb90000)
 tenured generation   total 349568K, used 349568K [0x0fca0000, 0x25200000, 0x25200000)
   the space 349568K, 100% used [0x0fca0000, 0x25200000, 0x25200000, 0x25200000)
 Metaspace       used 23237K, capacity 23860K, committed 23936K, reserved 23936K
Event: 4397.599 GC heap after
Heap after GC invocations=294 (full 72):
 def new generation   total 157248K, used 157235K [0x05200000, 0x0fca0000, 0x0fca0000)
  eden space 139776K,  99% used [0x05200000, 0x0da7fd30, 0x0da80000)
  from space 17472K,  99% used [0x0eb90000, 0x0fc9d100, 0x0fca0000)
  to   space 17472K,   0% used [0x0da80000, 0x0da80000, 0x0eb90000)
 tenured generation   total 349568K, used 349567K [0x0fca0000, 0x25200000, 0x25200000)
   the space 349568K,  99% used [0x0fca0000, 0x251ffd30, 0x251ffe00, 0x25200000)
 Metaspace       used 23237K, capacity 23860K, committed 23936K, reserved 23936K
}
Event: 4397.599 GC heap before
{Heap before GC invocations=294 (full 72):
 def new generation   total 157248K, used 157247K [0x05200000, 0x0fca0000, 0x0fca0000)
  eden space 139776K, 100% used [0x05200000, 0x0da80000, 0x0da80000)
  from space 17472K,  99% used [0x0eb90000, 0x0fc9fc40, 0x0fca0000)
  to   space 17472K,   0% used [0x0da80000, 0x0da80000, 0x0eb90000)
 tenured generation   total 349568K, used 349567K [0x0fca0000, 0x25200000, 0x25200000)
   the space 349568K,  99% used [0x0fca0000, 0x251ffd30, 0x251ffe00, 0x25200000)
 Metaspace       used 23237K, capacity 23860K, committed 23936K, reserved 23936K
Event: 4397.875 GC heap after
Heap after GC invocations=295 (full 73):
 def new generation   total 157248K, used 157245K [0x05200000, 0x0fca0000, 0x0fca0000)
  eden space 139776K,  99% used [0x05200000, 0x0da7fe18, 0x0da80000)
  from space 17472K,  99% used [0x0eb90000, 0x0fc9f6d0, 0x0fca0000)
  to   space 17472K,   0% used [0x0da80000, 0x0da80000, 0x0eb90000)
 tenured generation   total 349568K, used 349567K [0x0fca0000, 0x25200000, 0x25200000)
   the space 349568K,  99% used [0x0fca0000, 0x251ffd30, 0x251ffe00, 0x25200000)
 Metaspace       used 23237K, capacity 23860K, committed 23936K, reserved 23936K
}
Event: 4397.875 GC heap before
{Heap before GC invocations=295 (full 73):
 def new generation   total 157248K, used 157245K [0x05200000, 0x0fca0000, 0x0fca0000)
  eden space 139776K,  99% used [0x05200000, 0x0da7fe18, 0x0da80000)
  from space 17472K,  99% used [0x0eb90000, 0x0fc9f6d0, 0x0fca0000)
  to   space 17472K,   0% used [0x0da80000, 0x0da80000, 0x0eb90000)
 tenured generation   total 349568K, used 349567K [0x0fca0000, 0x25200000, 0x25200000)
   the space 349568K,  99% used [0x0fca0000, 0x251ffd30, 0x251ffe00, 0x25200000)
 Metaspace       used 23237K, capacity 23860K, committed 23936K, reserved 23936K
Event: 4398.146 GC heap after
Heap after GC invocations=296 (full 74):
 def new generation   total 157248K, used 157245K [0x05200000, 0x0fca0000, 0x0fca0000)
  eden space 139776K,  99% used [0x05200000, 0x0da7fe18, 0x0da80000)
  from space 17472K,  99% used [0x0eb90000, 0x0fc9f6d0, 0x0fca0000)
  to   space 17472K,   0% used [0x0da80000, 0x0da80000, 0x0eb90000)
 tenured generation   total 349568K, used 349567K [0x0fca0000, 0x25200000, 0x25200000)
   the space 349568K,  99% used [0x0fca0000, 0x251ffd10, 0x251ffe00, 0x25200000)
 Metaspace       used 23237K, capacity 23860K, committed 23936K, reserved 23936K
}

Deoptimization events (0 events):
No events

Classes redefined (0 events):
No events

Internal exceptions (10 events):
Event: 4349.861 Thread 0x2a53b000 Exception <a 'sun/nio/fs/WindowsException'> (0x0798d448) thrown at [C:\workspace\8-2-build-windows-i586-cygwin\jdk8u191\11896\hotspot\src\share\vm\prims\jni.cpp, line 709]
Event: 4349.861 Thread 0x2a53b000 Exception <a 'sun/nio/fs/WindowsException'> (0x0798d9b0) thrown at [C:\workspace\8-2-build-windows-i586-cygwin\jdk8u191\11896\hotspot\src\share\vm\prims\jni.cpp, line 709]
Event: 4349.862 Thread 0x2a53b000 Exception <a 'sun/nio/fs/WindowsException'> (0x079a0078) thrown at [C:\workspace\8-2-build-windows-i586-cygwin\jdk8u191\11896\hotspot\src\share\vm\prims\jni.cpp, line 709]
Event: 4349.862 Thread 0x2a53b000 Exception <a 'sun/nio/fs/WindowsException'> (0x079a0680) thrown at [C:\workspace\8-2-build-windows-i586-cygwin\jdk8u191\11896\hotspot\src\share\vm\prims\jni.cpp, line 709]
Event: 4349.864 Thread 0x2a53b000 Exception <a 'java/io/IOException'> (0x079a4860) thrown at [C:\workspace\8-2-build-windows-i586-cygwin\jdk8u191\11896\hotspot\src\share\vm\prims\jni.cpp, line 709]
Event: 4349.864 Thread 0x2a53b000 Exception <a 'java/io/IOException'> (0x079a4c38) thrown at [C:\workspace\8-2-build-windows-i586-cygwin\jdk8u191\11896\hotspot\src\share\vm\prims\jni.cpp, line 709]
Event: 4349.864 Thread 0x2a53b000 Exception <a 'java/io/IOException'> (0x079a4e80) thrown at [C:\workspace\8-2-build-windows-i586-cygwin\jdk8u191\11896\hotspot\src\share\vm\prims\jni.cpp, line 709]
Event: 4349.864 Thread 0x2a53b000 Exception <a 'sun/nio/fs/WindowsException'> (0x079affd0) thrown at [C:\workspace\8-2-build-windows-i586-cygwin\jdk8u191\11896\hotspot\src\share\vm\prims\jni.cpp, line 709]
Event: 4349.864 Thread 0x2a53b000 Exception <a 'sun/nio/fs/WindowsException'> (0x079b0538) thrown at [C:\workspace\8-2-build-windows-i586-cygwin\jdk8u191\11896\hotspot\src\share\vm\prims\jni.cpp, line 709]
Event: 4398.146 Thread 0x2a536c00 Exception <a 'java/lang/OutOfMemoryError'> (0x0fd31248) thrown at [C:\workspace\8-2-build-windows-i586-cygwin\jdk8u191\11896\hotspot\src\share\vm\gc_interface/collectedHeap.inline.hpp, line 159]

Events (10 events):
Event: 4396.718 Executing VM operation: GenCollectForAllocation done
Event: 4396.718 Executing VM operation: GenCollectForAllocation
Event: 4396.999 Executing VM operation: GenCollectForAllocation done
Event: 4396.999 Executing VM operation: GenCollectForAllocation
Event: 4397.271 Executing VM operation: GenCollectForAllocation done
Event: 4397.271 Executing VM operation: GenCollectForAllocation
Event: 4397.599 Executing VM operation: GenCollectForAllocation done
Event: 4397.599 Executing VM operation: GenCollectForAllocation
Event: 4398.146 Executing VM operation: GenCollectForAllocation done
Event: 4398.146 Executing VM operation: GenCollectForAllocation


Dynamic libraries:
0x005d0000 - 0x00603000 	C:\Program Files (x86)\Arduino\java\bin\javaw.exe
0x77b60000 - 0x77d04000 	C:\Windows\SYSTEM32\ntdll.dll
0x77960000 - 0x77a50000 	C:\Windows\System32\KERNEL32.DLL
0x776a0000 - 0x778c3000 	C:\Windows\System32\KERNELBASE.dll
0x62e70000 - 0x6310d000 	C:\Program Files\Norton Security\NortonData\22.23.1.21\Definitions\IPSDefs\20230426.061\IPSEng32.dll
0x76e90000 - 0x76f0b000 	C:\Windows\System32\ADVAPI32.dll
0x76b30000 - 0x76bef000 	C:\Windows\System32\msvcrt.dll
0x76bf0000 - 0x76c66000 	C:\Windows\System32\sechost.dll
0x76340000 - 0x763ff000 	C:\Windows\System32\RPCRT4.dll
0x768f0000 - 0x768f6000 	C:\Windows\System32\PSAPI.DLL
0x76980000 - 0x76b1c000 	C:\Windows\System32\USER32.dll
0x77aa0000 - 0x77ab8000 	C:\Windows\System32\win32u.dll
0x76310000 - 0x76333000 	C:\Windows\System32\GDI32.dll
0x76220000 - 0x76301000 	C:\Windows\System32\gdi32full.dll
0x76900000 - 0x7697b000 	C:\Windows\System32\msvcp_win.dll
0x75eb0000 - 0x75fd0000 	C:\Windows\System32\ucrtbase.dll
0x75750000 - 0x75960000 	C:\Windows\WinSxS\x86_microsoft.windows.common-controls_6595b64144ccf1df_6.0.19041.1110_none_a8625c1886757984\COMCTL32.dll
0x76140000 - 0x76165000 	C:\Windows\System32\IMM32.DLL
0x62cb0000 - 0x62d6f000 	C:\Program Files (x86)\Arduino\java\bin\msvcr100.dll
0x628d0000 - 0x62ca3000 	C:\Program Files (x86)\Arduino\java\bin\client\jvm.dll
0x75730000 - 0x75738000 	C:\Windows\SYSTEM32\WSOCK32.dll
0x75740000 - 0x75748000 	C:\Windows\SYSTEM32\VERSION.dll
0x76780000 - 0x767e3000 	C:\Windows\System32\WS2_32.dll
0x74080000 - 0x740a8000 	C:\Windows\SYSTEM32\WINMM.dll
0x628a0000 - 0x628d0000 	C:\Program Files (x86)\Arduino\java\bin\splashscreen.dll
0x75140000 - 0x751b4000 	C:\Windows\system32\uxtheme.dll
0x764a0000 - 0x76720000 	C:\Windows\System32\combase.dll
0x62890000 - 0x6289c000 	C:\Program Files (x86)\Arduino\java\bin\verify.dll
0x76da0000 - 0x76e74000 	C:\Windows\System32\MSCTF.dll
0x76400000 - 0x76496000 	C:\Windows\System32\OLEAUT32.dll
0x62860000 - 0x62882000 	C:\Program Files (x86)\Arduino\java\bin\java.dll
0x62840000 - 0x62854000 	C:\Program Files (x86)\Arduino\java\bin\zip.dll
0x72440000 - 0x7244f000 	C:\Windows\SYSTEM32\kernel.appcore.dll
0x77640000 - 0x7769f000 	C:\Windows\System32\bcryptPrimitives.dll
0x6ed10000 - 0x6edca000 	C:\Windows\SYSTEM32\textinputframework.dll
0x720c0000 - 0x7215b000 	C:\Windows\System32\CoreMessaging.dll
0x71e40000 - 0x720be000 	C:\Windows\System32\CoreUIComponents.dll
0x778d0000 - 0x77957000 	C:\Windows\System32\SHCORE.dll
0x71e10000 - 0x71e39000 	C:\Windows\SYSTEM32\ntmarta.dll
0x72160000 - 0x7223b000 	C:\Windows\SYSTEM32\wintypes.dll
0x76fe0000 - 0x77596000 	C:\Windows\System32\SHELL32.dll
0x71540000 - 0x71b4d000 	C:\Windows\SYSTEM32\windows.storage.dll
0x71510000 - 0x71535000 	C:\Windows\SYSTEM32\Wldp.dll
0x77a50000 - 0x77a95000 	C:\Windows\System32\shlwapi.dll
0x74e00000 - 0x74e18000 	C:\Windows\SYSTEM32\profapi.dll
0x61940000 - 0x619b3000 	C:\Program Files (x86)\Arduino\lib\listSerialsj.dll
0x75a10000 - 0x75e44000 	C:\Windows\System32\SETUPAPI.dll
0x76d60000 - 0x76d9b000 	C:\Windows\System32\cfgmgr32.dll
0x77620000 - 0x77639000 	C:\Windows\System32\bcrypt.dll
0x62820000 - 0x6283d000 	C:\Program Files (x86)\Arduino\lib\jnidispatch-4.2.2-win32-x86.dll
0x76c70000 - 0x76d53000 	C:\Windows\System32\Ole32.dll
0x62800000 - 0x62815000 	C:\Program Files (x86)\Arduino\java\bin\net.dll
0x756d0000 - 0x75722000 	C:\Windows\system32\mswsock.dll
0x627f0000 - 0x627ff000 	C:\Program Files (x86)\Arduino\java\bin\nio.dll
0x626a0000 - 0x627e7000 	C:\Program Files (x86)\Arduino\java\bin\awt.dll
0x63110000 - 0x631af000 	C:\Windows\SYSTEM32\apphelp.dll
0x71b50000 - 0x71b76000 	C:\Windows\system32\DWMAPI.DLL
0x62660000 - 0x62699000 	C:\Program Files (x86)\Arduino\java\bin\fontmanager.dll
0x725e0000 - 0x726e3000 	C:\Windows\system32\opengl32.dll
0x72490000 - 0x724cf000 	C:\Windows\SYSTEM32\GLU32.dll
0x62620000 - 0x62652000 	C:\Program Files (x86)\Arduino\java\bin\t2k.dll
0x72450000 - 0x72474000 	C:\Windows\SYSTEM32\DEVOBJ.dll
0x76f10000 - 0x76f5c000 	C:\Windows\System32\WINTRUST.dll
0x767f0000 - 0x768ea000 	C:\Windows\System32\CRYPT32.dll
0x74ec0000 - 0x74ece000 	C:\Windows\SYSTEM32\MSASN1.dll
0x74f80000 - 0x74fb3000 	C:\Windows\SYSTEM32\IPHLPAPI.DLL
0x76e80000 - 0x76e87000 	C:\Windows\System32\NSI.dll
0x74ef0000 - 0x74f04000 	C:\Windows\SYSTEM32\dhcpcsvc6.DLL
0x74ed0000 - 0x74ee6000 	C:\Windows\SYSTEM32\dhcpcsvc.DLL
0x74fc0000 - 0x75051000 	C:\Windows\SYSTEM32\DNSAPI.dll
0x70cf0000 - 0x70d01000 	C:\Windows\system32\napinsp.dll
0x70cd0000 - 0x70ce6000 	C:\Windows\system32\pnrpnsp.dll
0x70cc0000 - 0x70cd0000 	C:\Windows\system32\wshbth.dll
0x70ca0000 - 0x70cb6000 	C:\Windows\system32\NLAapi.dll
0x70c90000 - 0x70c9e000 	C:\Windows\System32\winrnr.dll
0x74f20000 - 0x74f79000 	C:\Windows\System32\fwpuclnt.dll
0x74f10000 - 0x74f18000 	C:\Windows\System32\rasadhlp.dll
0x62e00000 - 0x62e69000 	C:\Program Files (x86)\Arduino\msvcp100.dll
0x62560000 - 0x6261e000 	C:\Program Files (x86)\Arduino\msvcr100.dll
0x29ad0000 - 0x29b02000 	C:\Program Files (x86)\Arduino\lib\AStylej.dll
0x62dd0000 - 0x62df4000 	C:\Program Files (x86)\Arduino\java\bin\dcpr.dll
0x76f60000 - 0x76fde000 	C:\Windows\System32\clbcatq.dll
0x623e0000 - 0x62551000 	C:\Windows\SYSTEM32\WindowsCodecs.dll
0x714d0000 - 0x71501000 	C:\Windows\system32\dataexchange.dll
0x71180000 - 0x712e5000 	C:\Windows\system32\dcomp.dll
0x712f0000 - 0x714d0000 	C:\Windows\system32\d3d11.dll
0x710b0000 - 0x71172000 	C:\Windows\system32\dxgi.dll
0x70f20000 - 0x710af000 	C:\Windows\system32\twinapi.appcore.dll
0x62db0000 - 0x62dd0000 	C:\Program Files (x86)\Arduino\java\bin\sunec.dll
0x74ea0000 - 0x74eb3000 	C:\Windows\SYSTEM32\CRYPTSP.dll
0x74e70000 - 0x74e9f000 	C:\Windows\system32\rsaenh.dll
0x75970000 - 0x75995000 	C:\Windows\SYSTEM32\USERENV.dll
0x75130000 - 0x7513a000 	C:\Windows\SYSTEM32\CRYPTBASE.dll
0x62da0000 - 0x62da9000 	C:\Program Files (x86)\Arduino\java\bin\sunmscapi.dll
0x62d80000 - 0x62d9b000 	C:\Windows\SYSTEM32\edputil.dll
0x76170000 - 0x7621f000 	C:\Windows\System32\COMDLG32.dll
0x72240000 - 0x72302000 	C:\Windows\system32\propsys.dll
0x6ea80000 - 0x6eb03000 	C:\Program Files (x86)\Common Files\microsoft shared\ink\tiptsf.dll
0x6dca0000 - 0x6dd34000 	C:\Windows\SYSTEM32\TextShaping.dll
0x6ea30000 - 0x6ea78000 	C:\Windows\System32\thumbcache.dll
0x6e590000 - 0x6e5ec000 	C:\Windows\SYSTEM32\ntshrui.dll
0x6f510000 - 0x6f531000 	C:\Windows\SYSTEM32\SspiCli.dll
0x6e570000 - 0x6e58d000 	C:\Windows\SYSTEM32\srvcli.dll
0x6e560000 - 0x6e56e000 	C:\Windows\SYSTEM32\cscapi.dll
0x6e4d0000 - 0x6e555000 	C:\Windows\SYSTEM32\policymanager.dll
0x6e460000 - 0x6e4c5000 	C:\Windows\SYSTEM32\msvcp110_win.dll
0x6e990000 - 0x6ea23000 	C:\Windows\System32\Windows.StateRepositoryPS.dll
0x6e780000 - 0x6e98d000 	C:\Program Files\Norton Security\Engine32\22.23.3.8\buShell.dll
0x6d970000 - 0x6dad7000 	C:\Windows\WinSxS\x86_microsoft.windows.gdiplus_6595b64144ccf1df_1.1.19041.2251_none_d9513b1fe1046fc7\gdiplus.dll
0x6e720000 - 0x6e778000 	C:\Program Files\Norton Security\Engine32\22.23.3.8\EFACli.dll
0x6e700000 - 0x6e715000 	C:\Program Files\Norton Security\Engine32\22.23.3.8\VCRUNTIME140.dll
0x6e680000 - 0x6e6f3000 	C:\Program Files\Norton Security\Engine32\22.23.3.8\MSVCP140.dll
0x6d7e0000 - 0x6d96e000 	C:\Users\Will\AppData\Local\Microsoft\OneDrive\23.076.0409.0001\i386\FileSyncShell.dll
0x75960000 - 0x7596f000 	C:\Windows\SYSTEM32\WTSAPI32.dll
0x751c0000 - 0x75616000 	C:\Windows\SYSTEM32\WININET.dll
0x6f540000 - 0x6f54a000 	C:\Windows\SYSTEM32\Secur32.dll
0x6e660000 - 0x6e679000 	C:\Program Files\Norton Security\Engine32\22.23.3.8\ccVrTrst.dll
0x6d730000 - 0x6d7da000 	C:\Program Files\Norton Security\Engine32\22.23.3.8\ccLib.dll
0x6db40000 - 0x6db97000 	C:\Program Files\Norton Security\Engine32\22.23.3.8\ccSet.dll
0x6e640000 - 0x6e655000 	C:\Windows\SYSTEM32\samcli.dll
0x6e610000 - 0x6e62b000 	C:\Windows\SYSTEM32\SAMLIB.dll
0x6e600000 - 0x6e60b000 	C:\Windows\SYSTEM32\netutils.dll
0x6db20000 - 0x6db39000 	C:\Windows\SYSTEM32\MPR.dll
0x6e5f0000 - 0x6e5f9000 	C:\Windows\System32\drprov.dll
0x6d6e0000 - 0x6d72e000 	C:\Windows\System32\WINSTA.dll
0x6d6c0000 - 0x6d6d8000 	C:\Windows\System32\ntlanman.dll
0x6d6a0000 - 0x6d6b9000 	C:\Windows\System32\davclnt.dll
0x6db10000 - 0x6db1a000 	C:\Windows\System32\DAVHLPR.dll

VM Arguments:
jvm_args: -Dsun.java2d.d3d=false -Djna.nosys=true -Djna.nounpack=true -Djna.boot.library.name=jnidispatch-4.2.2-win32-x86 -Djna.boot.library.path=C:\Program Files (x86)\Arduino/lib -Djssc.library.path=C:\Program Files (x86)\Arduino/lib -DAPP_DIR=C:\Program Files (x86)\Arduino -Xms128M -Xmx512M -Dfile.encoding=UTF8 -Djava.net.preferIPv4Stack=true 
java_command: processing.app.Base C:\Users\Will\Documents\OMNi\demo-scripts\video_3_demo_scripts\open-loop-drive-forward\open-loop-drive-forward.ino
java_class_path (initial): C:\Program Files (x86)\Arduino\lib\apple.jar;C:\Program Files (x86)\Arduino\lib\arduino-core.jar;C:\Program Files (x86)\Arduino\lib\batik-1.8.jar;C:\Program Files (x86)\Arduino\lib\batik-anim-1.8.jar;C:\Program Files (x86)\Arduino\lib\batik-awt-util-1.8.jar;C:\Program Files (x86)\Arduino\lib\batik-bridge-1.8.jar;C:\Program Files (x86)\Arduino\lib\batik-codec-1.8.jar;C:\Program Files (x86)\Arduino\lib\batik-css-1.8.jar;C:\Program Files (x86)\Arduino\lib\batik-dom-1.8.jar;C:\Program Files (x86)\Arduino\lib\batik-ext-1.8.jar;C:\Program Files (x86)\Arduino\lib\batik-gvt-1.8.jar;C:\Program Files (x86)\Arduino\lib\batik-parser-1.8.jar;C:\Program Files (x86)\Arduino\lib\batik-rasterizer-1.8.jar;C:\Program Files (x86)\Arduino\lib\batik-script-1.8.jar;C:\Program Files (x86)\Arduino\lib\batik-squiggle-1.8.jar;C:\Program Files (x86)\Arduino\lib\batik-svg-dom-1.8.jar;C:\Program Files (x86)\Arduino\lib\batik-svgpp-1.8.jar;C:\Program Files (x86)\Arduino\lib\batik-transcoder-1.8.jar;C:\Program Files (x86)\Arduino\lib\batik-util-1.8.jar;C:\Program Files (x86)\Arduino\lib\batik-xml-1.8.jar;C:\Program Files (x86)\Arduino\lib\bcpg-jdk15on-152.jar;C:\Program Files (x86)\Arduino\lib\bcprov-jdk15on-152.jar;C:\Program Files (x86)\Arduino\lib\commons-codec-1.7.jar;C:\Program Files (x86)\Arduino\lib\commons-compress-1.8.jar;C:\Program Files (x86)\Arduino\lib\commons-exec-1.1.jar;C:\Program Files (x86)\Arduino\lib\commons-httpclient-3.1.jar;C:\Program Files (x86)\Arduino\lib\commons-lang3-3.8.1.jar;C:\Program Files (x86)\Arduino\lib\commons-logging-1.0.4.jar;C:\Program Files (x86)\Arduino\lib\commons-net-3.3.jar;C:\Program Files (x86)\Arduino\lib\commons-io-2.6.jar;C:\Program Files (x86)\Arduino\lib\jackson-annotations-2.9.5.jar;C:\Program Files (x86)\Arduino\lib\jackson-core-2.9.5.jar;C:\Program Files (x86)\Arduino\lib\jackson-databind-2.9.5.jar;C:\Program Files (x86)\Arduino\lib\java-semver-0.8.0.jar;C:\Program Files (x86)\Arduino\lib\jmdns-3.5.5.jar;C:\Program
Launcher Type: SUN_STANDARD

Environment Variables:
PATH=C:\Windows\system32;C:\Windows;C:\Windows\System32\Wbem;C:\Windows\System32\WindowsPowerShell\v1.0\;C:\Windows\System32\OpenSSH\;C:\Program Files\Git\cmd;C:\Program Files\PuTTY\;C:\Users\Will\AppData\Local\Microsoft\WindowsApps;C:\Users\Will\AppData\Local\Programs\Microsoft VS Code\bin;C:\Users\Will\Documents\Automation Scripts;;C:\Program Files (x86)\Arduino\java\bin
USERNAME=Will
OS=Windows_NT
PROCESSOR_IDENTIFIER=AMD64 Family 25 Model 80 Stepping 0, AuthenticAMD



---------------  S Y S T E M  ---------------

OS: Windows 10.0 , 64 bit Build 19041 (10.0.19041.2788)

CPU:total 12 (initial active 12) (12 cores per cpu, 1 threads per core) family 25 model 80 stepping 0, cmov, cx8, fxsr, mmx, sse, sse2, sse3, ssse3, sse4.1, sse4.2, popcnt, avx, avx2, aes, clmul, erms, mmxext, 3dnowpref, lzcnt, sse4a, tsc, tscinvbit, tscinv, bmi1

Memory: 4k page, physical 16093772k(7607276k free), swap 28152396k(12079440k free)

vm_info: Java HotSpot(TM) Client VM (25.191-b12) for windows-x86 JRE (1.8.0_191-b12), built on Oct  6 2018 08:34:23 by "java_re" with MS VC++ 10.0 (VS2010)

time: Thu Apr 27 00:26:01 2023
elapsed time: 4398 seconds (0d 1h 13m 18s)

